[2020-12-04 00:27:44] local.ERROR: Cannot redeclare App\Providers\RouteServiceProvider::mapApiRoutes() {"exception":"[object] (Symfony\\Component\\ErrorHandler\\Error\\FatalError(code: 0): Cannot redeclare App\\Providers\\RouteServiceProvider::mapApiRoutes() at /Volumes/PMAC/mine/mywork/backend/projects/final/app/Providers/RouteServiceProvider.php:87)
[stacktrace]
#0 {main}
"} 
[2020-12-04 00:27:45] local.ERROR: Cannot redeclare App\Providers\RouteServiceProvider::mapApiRoutes() {"exception":"[object] (Symfony\\Component\\ErrorHandler\\Error\\FatalError(code: 0): Cannot redeclare App\\Providers\\RouteServiceProvider::mapApiRoutes() at /Volumes/PMAC/mine/mywork/backend/projects/final/app/Providers/RouteServiceProvider.php:87)
[stacktrace]
#0 {main}
"} 
[2020-12-04 00:28:33] local.ERROR: syntax error, unexpected 'Route' (T_STRING) {"exception":"[object] (ParseError(code: 0): syntax error, unexpected 'Route' (T_STRING) at /Volumes/PMAC/mine/mywork/backend/projects/final/routes/api_v1.php:19)
[stacktrace]
#0 /Volumes/PMAC/mine/mywork/backend/projects/final/vendor/laravel/framework/src/Illuminate/Routing/Router.php(415): App\\Providers\\RouteServiceProvider->App\\Providers\\{closure}(Object(Illuminate\\Routing\\Router))
#1 /Volumes/PMAC/mine/mywork/backend/projects/final/vendor/laravel/framework/src/Illuminate/Routing/Router.php(374): Illuminate\\Routing\\Router->loadRoutes(Object(Closure))
#2 /Volumes/PMAC/mine/mywork/backend/projects/final/vendor/laravel/framework/src/Illuminate/Support/Facades/Facade.php(261): Illuminate\\Routing\\Router->group(Array, Object(Closure))
#3 /Volumes/PMAC/mine/mywork/backend/projects/final/app/Providers/RouteServiceProvider.php(83): Illuminate\\Support\\Facades\\Facade::__callStatic('group', Array)
#4 /Volumes/PMAC/mine/mywork/backend/projects/final/app/Providers/RouteServiceProvider.php(47): App\\Providers\\RouteServiceProvider->mapApiRoutes()
#5 /Volumes/PMAC/mine/mywork/backend/projects/final/vendor/laravel/framework/src/Illuminate/Container/BoundMethod.php(36): App\\Providers\\RouteServiceProvider->map()
#6 /Volumes/PMAC/mine/mywork/backend/projects/final/vendor/laravel/framework/src/Illuminate/Container/Util.php(37): Illuminate\\Container\\BoundMethod::Illuminate\\Container\\{closure}()
#7 /Volumes/PMAC/mine/mywork/backend/projects/final/vendor/laravel/framework/src/Illuminate/Container/BoundMethod.php(93): Illuminate\\Container\\Util::unwrapIfClosure(Object(Closure))
#8 /Volumes/PMAC/mine/mywork/backend/projects/final/vendor/laravel/framework/src/Illuminate/Container/BoundMethod.php(37): Illuminate\\Container\\BoundMethod::callBoundMethod(Object(Illuminate\\Foundation\\Application), Array, Object(Closure))
#9 /Volumes/PMAC/mine/mywork/backend/projects/final/vendor/laravel/framework/src/Illuminate/Container/Container.php(596): Illuminate\\Container\\BoundMethod::call(Object(Illuminate\\Foundation\\Application), Array, Array, NULL)
#10 /Volumes/PMAC/mine/mywork/backend/projects/final/vendor/laravel/framework/src/Illuminate/Foundation/Support/Providers/RouteServiceProvider.php(87): Illuminate\\Container\\Container->call(Array)
#11 /Volumes/PMAC/mine/mywork/backend/projects/final/vendor/laravel/framework/src/Illuminate/Foundation/Support/Providers/RouteServiceProvider.php(36): Illuminate\\Foundation\\Support\\Providers\\RouteServiceProvider->loadRoutes()
#12 /Volumes/PMAC/mine/mywork/backend/projects/final/app/Providers/RouteServiceProvider.php(37): Illuminate\\Foundation\\Support\\Providers\\RouteServiceProvider->boot()
#13 /Volumes/PMAC/mine/mywork/backend/projects/final/vendor/laravel/framework/src/Illuminate/Container/BoundMethod.php(36): App\\Providers\\RouteServiceProvider->boot()
#14 /Volumes/PMAC/mine/mywork/backend/projects/final/vendor/laravel/framework/src/Illuminate/Container/Util.php(37): Illuminate\\Container\\BoundMethod::Illuminate\\Container\\{closure}()
#15 /Volumes/PMAC/mine/mywork/backend/projects/final/vendor/laravel/framework/src/Illuminate/Container/BoundMethod.php(93): Illuminate\\Container\\Util::unwrapIfClosure(Object(Closure))
#16 /Volumes/PMAC/mine/mywork/backend/projects/final/vendor/laravel/framework/src/Illuminate/Container/BoundMethod.php(37): Illuminate\\Container\\BoundMethod::callBoundMethod(Object(Illuminate\\Foundation\\Application), Array, Object(Closure))
#17 /Volumes/PMAC/mine/mywork/backend/projects/final/vendor/laravel/framework/src/Illuminate/Container/Container.php(596): Illuminate\\Container\\BoundMethod::call(Object(Illuminate\\Foundation\\Application), Array, Array, NULL)
#18 /Volumes/PMAC/mine/mywork/backend/projects/final/vendor/laravel/framework/src/Illuminate/Foundation/Application.php(867): Illuminate\\Container\\Container->call(Array)
#19 /Volumes/PMAC/mine/mywork/backend/projects/final/vendor/laravel/framework/src/Illuminate/Foundation/Application.php(850): Illuminate\\Foundation\\Application->bootProvider(Object(App\\Providers\\RouteServiceProvider))
#20 [internal function]: Illuminate\\Foundation\\Application->Illuminate\\Foundation\\{closure}(Object(App\\Providers\\RouteServiceProvider), 36)
#21 /Volumes/PMAC/mine/mywork/backend/projects/final/vendor/laravel/framework/src/Illuminate/Foundation/Application.php(851): array_walk(Array, Object(Closure))
#22 /Volumes/PMAC/mine/mywork/backend/projects/final/vendor/laravel/framework/src/Illuminate/Foundation/Bootstrap/BootProviders.php(17): Illuminate\\Foundation\\Application->boot()
#23 /Volumes/PMAC/mine/mywork/backend/projects/final/vendor/laravel/framework/src/Illuminate/Foundation/Application.php(230): Illuminate\\Foundation\\Bootstrap\\BootProviders->bootstrap(Object(Illuminate\\Foundation\\Application))
#24 /Volumes/PMAC/mine/mywork/backend/projects/final/vendor/laravel/framework/src/Illuminate/Foundation/Console/Kernel.php(310): Illuminate\\Foundation\\Application->bootstrapWith(Array)
#25 /Volumes/PMAC/mine/mywork/backend/projects/final/vendor/laravel/framework/src/Illuminate/Foundation/Console/Kernel.php(127): Illuminate\\Foundation\\Console\\Kernel->bootstrap()
#26 Command line code(1): Illuminate\\Foundation\\Console\\Kernel->handle(Object(Symfony\\Component\\Console\\Input\\ArgvInput), Object(Symfony\\Component\\Console\\Output\\ConsoleOutput))
#27 {main}
"} 
[2020-12-04 00:28:33] local.ERROR: syntax error, unexpected 'Route' (T_STRING) {"exception":"[object] (ParseError(code: 0): syntax error, unexpected 'Route' (T_STRING) at /Volumes/PMAC/mine/mywork/backend/projects/final/routes/api_v1.php:19)
[stacktrace]
#0 /Volumes/PMAC/mine/mywork/backend/projects/final/vendor/laravel/framework/src/Illuminate/Routing/Router.php(415): App\\Providers\\RouteServiceProvider->App\\Providers\\{closure}(Object(Illuminate\\Routing\\Router))
#1 /Volumes/PMAC/mine/mywork/backend/projects/final/vendor/laravel/framework/src/Illuminate/Routing/Router.php(374): Illuminate\\Routing\\Router->loadRoutes(Object(Closure))
#2 /Volumes/PMAC/mine/mywork/backend/projects/final/vendor/laravel/framework/src/Illuminate/Support/Facades/Facade.php(261): Illuminate\\Routing\\Router->group(Array, Object(Closure))
#3 /Volumes/PMAC/mine/mywork/backend/projects/final/app/Providers/RouteServiceProvider.php(83): Illuminate\\Support\\Facades\\Facade::__callStatic('group', Array)
#4 /Volumes/PMAC/mine/mywork/backend/projects/final/app/Providers/RouteServiceProvider.php(47): App\\Providers\\RouteServiceProvider->mapApiRoutes()
#5 /Volumes/PMAC/mine/mywork/backend/projects/final/vendor/laravel/framework/src/Illuminate/Container/BoundMethod.php(36): App\\Providers\\RouteServiceProvider->map()
#6 /Volumes/PMAC/mine/mywork/backend/projects/final/vendor/laravel/framework/src/Illuminate/Container/Util.php(37): Illuminate\\Container\\BoundMethod::Illuminate\\Container\\{closure}()
#7 /Volumes/PMAC/mine/mywork/backend/projects/final/vendor/laravel/framework/src/Illuminate/Container/BoundMethod.php(93): Illuminate\\Container\\Util::unwrapIfClosure(Object(Closure))
#8 /Volumes/PMAC/mine/mywork/backend/projects/final/vendor/laravel/framework/src/Illuminate/Container/BoundMethod.php(37): Illuminate\\Container\\BoundMethod::callBoundMethod(Object(Illuminate\\Foundation\\Application), Array, Object(Closure))
#9 /Volumes/PMAC/mine/mywork/backend/projects/final/vendor/laravel/framework/src/Illuminate/Container/Container.php(596): Illuminate\\Container\\BoundMethod::call(Object(Illuminate\\Foundation\\Application), Array, Array, NULL)
#10 /Volumes/PMAC/mine/mywork/backend/projects/final/vendor/laravel/framework/src/Illuminate/Foundation/Support/Providers/RouteServiceProvider.php(87): Illuminate\\Container\\Container->call(Array)
#11 /Volumes/PMAC/mine/mywork/backend/projects/final/vendor/laravel/framework/src/Illuminate/Foundation/Support/Providers/RouteServiceProvider.php(36): Illuminate\\Foundation\\Support\\Providers\\RouteServiceProvider->loadRoutes()
#12 /Volumes/PMAC/mine/mywork/backend/projects/final/app/Providers/RouteServiceProvider.php(37): Illuminate\\Foundation\\Support\\Providers\\RouteServiceProvider->boot()
#13 /Volumes/PMAC/mine/mywork/backend/projects/final/vendor/laravel/framework/src/Illuminate/Container/BoundMethod.php(36): App\\Providers\\RouteServiceProvider->boot()
#14 /Volumes/PMAC/mine/mywork/backend/projects/final/vendor/laravel/framework/src/Illuminate/Container/Util.php(37): Illuminate\\Container\\BoundMethod::Illuminate\\Container\\{closure}()
#15 /Volumes/PMAC/mine/mywork/backend/projects/final/vendor/laravel/framework/src/Illuminate/Container/BoundMethod.php(93): Illuminate\\Container\\Util::unwrapIfClosure(Object(Closure))
#16 /Volumes/PMAC/mine/mywork/backend/projects/final/vendor/laravel/framework/src/Illuminate/Container/BoundMethod.php(37): Illuminate\\Container\\BoundMethod::callBoundMethod(Object(Illuminate\\Foundation\\Application), Array, Object(Closure))
#17 /Volumes/PMAC/mine/mywork/backend/projects/final/vendor/laravel/framework/src/Illuminate/Container/Container.php(596): Illuminate\\Container\\BoundMethod::call(Object(Illuminate\\Foundation\\Application), Array, Array, NULL)
#18 /Volumes/PMAC/mine/mywork/backend/projects/final/vendor/laravel/framework/src/Illuminate/Foundation/Application.php(867): Illuminate\\Container\\Container->call(Array)
#19 /Volumes/PMAC/mine/mywork/backend/projects/final/vendor/laravel/framework/src/Illuminate/Foundation/Application.php(850): Illuminate\\Foundation\\Application->bootProvider(Object(App\\Providers\\RouteServiceProvider))
#20 [internal function]: Illuminate\\Foundation\\Application->Illuminate\\Foundation\\{closure}(Object(App\\Providers\\RouteServiceProvider), 36)
#21 /Volumes/PMAC/mine/mywork/backend/projects/final/vendor/laravel/framework/src/Illuminate/Foundation/Application.php(851): array_walk(Array, Object(Closure))
#22 /Volumes/PMAC/mine/mywork/backend/projects/final/vendor/laravel/framework/src/Illuminate/Foundation/Bootstrap/BootProviders.php(17): Illuminate\\Foundation\\Application->boot()
#23 /Volumes/PMAC/mine/mywork/backend/projects/final/vendor/laravel/framework/src/Illuminate/Foundation/Application.php(230): Illuminate\\Foundation\\Bootstrap\\BootProviders->bootstrap(Object(Illuminate\\Foundation\\Application))
#24 /Volumes/PMAC/mine/mywork/backend/projects/final/vendor/laravel/framework/src/Illuminate/Foundation/Console/Kernel.php(310): Illuminate\\Foundation\\Application->bootstrapWith(Array)
#25 /Volumes/PMAC/mine/mywork/backend/projects/final/vendor/laravel/framework/src/Illuminate/Foundation/Console/Kernel.php(127): Illuminate\\Foundation\\Console\\Kernel->bootstrap()
#26 Command line code(1): Illuminate\\Foundation\\Console\\Kernel->handle(Object(Symfony\\Component\\Console\\Input\\ArgvInput), Object(Symfony\\Component\\Console\\Output\\ConsoleOutput))
#27 {main}
"} 
