[2020-12-15 00:54:50] local.ERROR: Not enough arguments (missing: "name"). {"exception":"[object] (Symfony\\Component\\Console\\Exception\\RuntimeException(code: 0): Not enough arguments (missing: \"name\"). at /Volumes/PMAC/mine/mywork/backend/projects/final/vendor/symfony/console/Input/Input.php:76)
[stacktrace]
#0 /Volumes/PMAC/mine/mywork/backend/projects/final/vendor/symfony/console/Command/Command.php(253): Symfony\\Component\\Console\\Input\\Input->validate()
#1 /Volumes/PMAC/mine/mywork/backend/projects/final/vendor/laravel/framework/src/Illuminate/Console/Command.php(121): Symfony\\Component\\Console\\Command\\Command->run(Object(Symfony\\Component\\Console\\Input\\ArgvInput), Object(Illuminate\\Console\\OutputStyle))
#2 /Volumes/PMAC/mine/mywork/backend/projects/final/vendor/symfony/console/Application.php(920): Illuminate\\Console\\Command->run(Object(Symfony\\Component\\Console\\Input\\ArgvInput), Object(Symfony\\Component\\Console\\Output\\ConsoleOutput))
#3 /Volumes/PMAC/mine/mywork/backend/projects/final/vendor/symfony/console/Application.php(266): Symfony\\Component\\Console\\Application->doRunCommand(Object(Illuminate\\Foundation\\Console\\ModelMakeCommand), Object(Symfony\\Component\\Console\\Input\\ArgvInput), Object(Symfony\\Component\\Console\\Output\\ConsoleOutput))
#4 /Volumes/PMAC/mine/mywork/backend/projects/final/vendor/symfony/console/Application.php(142): Symfony\\Component\\Console\\Application->doRun(Object(Symfony\\Component\\Console\\Input\\ArgvInput), Object(Symfony\\Component\\Console\\Output\\ConsoleOutput))
#5 /Volumes/PMAC/mine/mywork/backend/projects/final/vendor/laravel/framework/src/Illuminate/Console/Application.php(93): Symfony\\Component\\Console\\Application->run(Object(Symfony\\Component\\Console\\Input\\ArgvInput), Object(Symfony\\Component\\Console\\Output\\ConsoleOutput))
#6 /Volumes/PMAC/mine/mywork/backend/projects/final/vendor/laravel/framework/src/Illuminate/Foundation/Console/Kernel.php(129): Illuminate\\Console\\Application->run(Object(Symfony\\Component\\Console\\Input\\ArgvInput), Object(Symfony\\Component\\Console\\Output\\ConsoleOutput))
#7 /Volumes/PMAC/mine/mywork/backend/projects/final/artisan(37): Illuminate\\Foundation\\Console\\Kernel->handle(Object(Symfony\\Component\\Console\\Input\\ArgvInput), Object(Symfony\\Component\\Console\\Output\\ConsoleOutput))
#8 {main}
"} 
[2020-12-15 00:59:05] local.ERROR: A CreateMessagesTable class already exists. {"exception":"[object] (InvalidArgumentException(code: 0): A CreateMessagesTable class already exists. at /Volumes/PMAC/mine/mywork/backend/projects/final/vendor/laravel/framework/src/Illuminate/Database/Migrations/MigrationCreator.php:99)
[stacktrace]
#0 /Volumes/PMAC/mine/mywork/backend/projects/final/vendor/laravel/framework/src/Illuminate/Database/Migrations/MigrationCreator.php(59): Illuminate\\Database\\Migrations\\MigrationCreator->ensureMigrationDoesntAlreadyExist('create_messages...', '/Volumes/PMAC/m...')
#1 /Volumes/PMAC/mine/mywork/backend/projects/final/vendor/laravel/framework/src/Illuminate/Database/Console/Migrations/MigrateMakeCommand.php(110): Illuminate\\Database\\Migrations\\MigrationCreator->create('create_messages...', '/Volumes/PMAC/m...', 'messages', true)
#2 /Volumes/PMAC/mine/mywork/backend/projects/final/vendor/laravel/framework/src/Illuminate/Database/Console/Migrations/MigrateMakeCommand.php(94): Illuminate\\Database\\Console\\Migrations\\MigrateMakeCommand->writeMigration('create_messages...', 'messages', true)
#3 /Volumes/PMAC/mine/mywork/backend/projects/final/vendor/laravel/framework/src/Illuminate/Container/BoundMethod.php(36): Illuminate\\Database\\Console\\Migrations\\MigrateMakeCommand->handle()
#4 /Volumes/PMAC/mine/mywork/backend/projects/final/vendor/laravel/framework/src/Illuminate/Container/Util.php(37): Illuminate\\Container\\BoundMethod::Illuminate\\Container\\{closure}()
#5 /Volumes/PMAC/mine/mywork/backend/projects/final/vendor/laravel/framework/src/Illuminate/Container/BoundMethod.php(93): Illuminate\\Container\\Util::unwrapIfClosure(Object(Closure))
#6 /Volumes/PMAC/mine/mywork/backend/projects/final/vendor/laravel/framework/src/Illuminate/Container/BoundMethod.php(37): Illuminate\\Container\\BoundMethod::callBoundMethod(Object(Illuminate\\Foundation\\Application), Array, Object(Closure))
#7 /Volumes/PMAC/mine/mywork/backend/projects/final/vendor/laravel/framework/src/Illuminate/Container/Container.php(596): Illuminate\\Container\\BoundMethod::call(Object(Illuminate\\Foundation\\Application), Array, Array, NULL)
#8 /Volumes/PMAC/mine/mywork/backend/projects/final/vendor/laravel/framework/src/Illuminate/Console/Command.php(134): Illuminate\\Container\\Container->call(Array)
#9 /Volumes/PMAC/mine/mywork/backend/projects/final/vendor/symfony/console/Command/Command.php(258): Illuminate\\Console\\Command->execute(Object(Symfony\\Component\\Console\\Input\\ArrayInput), Object(Illuminate\\Console\\OutputStyle))
#10 /Volumes/PMAC/mine/mywork/backend/projects/final/vendor/laravel/framework/src/Illuminate/Console/Command.php(121): Symfony\\Component\\Console\\Command\\Command->run(Object(Symfony\\Component\\Console\\Input\\ArrayInput), Object(Illuminate\\Console\\OutputStyle))
#11 /Volumes/PMAC/mine/mywork/backend/projects/final/vendor/laravel/framework/src/Illuminate/Console/Concerns/CallsCommands.php(56): Illuminate\\Console\\Command->run(Object(Symfony\\Component\\Console\\Input\\ArrayInput), Object(Illuminate\\Console\\OutputStyle))
#12 /Volumes/PMAC/mine/mywork/backend/projects/final/vendor/laravel/framework/src/Illuminate/Console/Concerns/CallsCommands.php(28): Illuminate\\Console\\Command->runCommand('make:migration', Array, Object(Illuminate\\Console\\OutputStyle))
#13 /Volumes/PMAC/mine/mywork/backend/projects/final/vendor/laravel/framework/src/Illuminate/Foundation/Console/ModelMakeCommand.php(98): Illuminate\\Console\\Command->call('make:migration', Array)
#14 /Volumes/PMAC/mine/mywork/backend/projects/final/vendor/laravel/framework/src/Illuminate/Foundation/Console/ModelMakeCommand.php(56): Illuminate\\Foundation\\Console\\ModelMakeCommand->createMigration()
#15 /Volumes/PMAC/mine/mywork/backend/projects/final/vendor/laravel/framework/src/Illuminate/Container/BoundMethod.php(36): Illuminate\\Foundation\\Console\\ModelMakeCommand->handle()
#16 /Volumes/PMAC/mine/mywork/backend/projects/final/vendor/laravel/framework/src/Illuminate/Container/Util.php(37): Illuminate\\Container\\BoundMethod::Illuminate\\Container\\{closure}()
#17 /Volumes/PMAC/mine/mywork/backend/projects/final/vendor/laravel/framework/src/Illuminate/Container/BoundMethod.php(93): Illuminate\\Container\\Util::unwrapIfClosure(Object(Closure))
#18 /Volumes/PMAC/mine/mywork/backend/projects/final/vendor/laravel/framework/src/Illuminate/Container/BoundMethod.php(37): Illuminate\\Container\\BoundMethod::callBoundMethod(Object(Illuminate\\Foundation\\Application), Array, Object(Closure))
#19 /Volumes/PMAC/mine/mywork/backend/projects/final/vendor/laravel/framework/src/Illuminate/Container/Container.php(596): Illuminate\\Container\\BoundMethod::call(Object(Illuminate\\Foundation\\Application), Array, Array, NULL)
#20 /Volumes/PMAC/mine/mywork/backend/projects/final/vendor/laravel/framework/src/Illuminate/Console/Command.php(134): Illuminate\\Container\\Container->call(Array)
#21 /Volumes/PMAC/mine/mywork/backend/projects/final/vendor/symfony/console/Command/Command.php(258): Illuminate\\Console\\Command->execute(Object(Symfony\\Component\\Console\\Input\\ArgvInput), Object(Illuminate\\Console\\OutputStyle))
#22 /Volumes/PMAC/mine/mywork/backend/projects/final/vendor/laravel/framework/src/Illuminate/Console/Command.php(121): Symfony\\Component\\Console\\Command\\Command->run(Object(Symfony\\Component\\Console\\Input\\ArgvInput), Object(Illuminate\\Console\\OutputStyle))
#23 /Volumes/PMAC/mine/mywork/backend/projects/final/vendor/symfony/console/Application.php(920): Illuminate\\Console\\Command->run(Object(Symfony\\Component\\Console\\Input\\ArgvInput), Object(Symfony\\Component\\Console\\Output\\ConsoleOutput))
#24 /Volumes/PMAC/mine/mywork/backend/projects/final/vendor/symfony/console/Application.php(266): Symfony\\Component\\Console\\Application->doRunCommand(Object(Illuminate\\Foundation\\Console\\ModelMakeCommand), Object(Symfony\\Component\\Console\\Input\\ArgvInput), Object(Symfony\\Component\\Console\\Output\\ConsoleOutput))
#25 /Volumes/PMAC/mine/mywork/backend/projects/final/vendor/symfony/console/Application.php(142): Symfony\\Component\\Console\\Application->doRun(Object(Symfony\\Component\\Console\\Input\\ArgvInput), Object(Symfony\\Component\\Console\\Output\\ConsoleOutput))
#26 /Volumes/PMAC/mine/mywork/backend/projects/final/vendor/laravel/framework/src/Illuminate/Console/Application.php(93): Symfony\\Component\\Console\\Application->run(Object(Symfony\\Component\\Console\\Input\\ArgvInput), Object(Symfony\\Component\\Console\\Output\\ConsoleOutput))
#27 /Volumes/PMAC/mine/mywork/backend/projects/final/vendor/laravel/framework/src/Illuminate/Foundation/Console/Kernel.php(129): Illuminate\\Console\\Application->run(Object(Symfony\\Component\\Console\\Input\\ArgvInput), Object(Symfony\\Component\\Console\\Output\\ConsoleOutput))
#28 /Volumes/PMAC/mine/mywork/backend/projects/final/artisan(37): Illuminate\\Foundation\\Console\\Kernel->handle(Object(Symfony\\Component\\Console\\Input\\ArgvInput), Object(Symfony\\Component\\Console\\Output\\ConsoleOutput))
#29 {main}
"} 
