[2020-11-16 18:56:46] local.ERROR: Invalid route action: [App\Http\Controllers\h]. {"exception":"[object] (UnexpectedValueException(code: 0): Invalid route action: [App\\Http\\Controllers\\h]. at C:\\xampp\\htdocs\\projects\\final_project\\v1\\vendor\\laravel\\framework\\src\\Illuminate\\Routing\\RouteAction.php:92)
[stacktrace]
#0 C:\\xampp\\htdocs\\projects\\final_project\\v1\\vendor\\laravel\\framework\\src\\Illuminate\\Routing\\RouteAction.php(47): Illuminate\\Routing\\RouteAction::makeInvokable('App\\\\Http\\\\Contro...')
#1 C:\\xampp\\htdocs\\projects\\final_project\\v1\\vendor\\laravel\\framework\\src\\Illuminate\\Routing\\Route.php(182): Illuminate\\Routing\\RouteAction::parse('/', Array)
#2 C:\\xampp\\htdocs\\projects\\final_project\\v1\\vendor\\laravel\\framework\\src\\Illuminate\\Routing\\Route.php(163): Illuminate\\Routing\\Route->parseAction(Array)
#3 C:\\xampp\\htdocs\\projects\\final_project\\v1\\vendor\\laravel\\framework\\src\\Illuminate\\Routing\\Router.php(549): Illuminate\\Routing\\Route->__construct(Array, '/', Array)
#4 C:\\xampp\\htdocs\\projects\\final_project\\v1\\vendor\\laravel\\framework\\src\\Illuminate\\Routing\\Router.php(468): Illuminate\\Routing\\Router->newRoute(Array, '/', Array)
#5 C:\\xampp\\htdocs\\projects\\final_project\\v1\\vendor\\laravel\\framework\\src\\Illuminate\\Routing\\Router.php(447): Illuminate\\Routing\\Router->createRoute(Array, '/', Array)
#6 C:\\xampp\\htdocs\\projects\\final_project\\v1\\vendor\\laravel\\framework\\src\\Illuminate\\Routing\\Router.php(145): Illuminate\\Routing\\Router->addRoute(Array, '/', 'h')
#7 C:\\xampp\\htdocs\\projects\\final_project\\v1\\vendor\\laravel\\framework\\src\\Illuminate\\Support\\Facades\\Facade.php(261): Illuminate\\Routing\\Router->get('/', 'h')
#8 C:\\xampp\\htdocs\\projects\\final_project\\v1\outes\\web.php(14): Illuminate\\Support\\Facades\\Facade::__callStatic('get', Array)
#9 C:\\xampp\\htdocs\\projects\\final_project\\v1\\vendor\\laravel\\framework\\src\\Illuminate\\Routing\\RouteFileRegistrar.php(35): require('C:\\\\xampp\\\\htdocs...')
#10 C:\\xampp\\htdocs\\projects\\final_project\\v1\\vendor\\laravel\\framework\\src\\Illuminate\\Routing\\Router.php(417): Illuminate\\Routing\\RouteFileRegistrar->register('C:\\\\xampp\\\\htdocs...')
#11 C:\\xampp\\htdocs\\projects\\final_project\\v1\\vendor\\laravel\\framework\\src\\Illuminate\\Routing\\Router.php(374): Illuminate\\Routing\\Router->loadRoutes('C:\\\\xampp\\\\htdocs...')
#12 C:\\xampp\\htdocs\\projects\\final_project\\v1\\vendor\\laravel\\framework\\src\\Illuminate\\Routing\\RouteRegistrar.php(135): Illuminate\\Routing\\Router->group(Array, 'C:\\\\xampp\\\\htdocs...')
#13 C:\\xampp\\htdocs\\projects\\final_project\\v1\\app\\Providers\\RouteServiceProvider.php(65): Illuminate\\Routing\\RouteRegistrar->group('C:\\\\xampp\\\\htdocs...')
#14 C:\\xampp\\htdocs\\projects\\final_project\\v1\\app\\Providers\\RouteServiceProvider.php(49): App\\Providers\\RouteServiceProvider->mapWebRoutes()
#15 C:\\xampp\\htdocs\\projects\\final_project\\v1\\vendor\\laravel\\framework\\src\\Illuminate\\Container\\BoundMethod.php(36): App\\Providers\\RouteServiceProvider->map()
#16 C:\\xampp\\htdocs\\projects\\final_project\\v1\\vendor\\laravel\\framework\\src\\Illuminate\\Container\\Util.php(37): Illuminate\\Container\\BoundMethod::Illuminate\\Container\\{closure}()
#17 C:\\xampp\\htdocs\\projects\\final_project\\v1\\vendor\\laravel\\framework\\src\\Illuminate\\Container\\BoundMethod.php(93): Illuminate\\Container\\Util::unwrapIfClosure(Object(Closure))
#18 C:\\xampp\\htdocs\\projects\\final_project\\v1\\vendor\\laravel\\framework\\src\\Illuminate\\Container\\BoundMethod.php(37): Illuminate\\Container\\BoundMethod::callBoundMethod(Object(Illuminate\\Foundation\\Application), Array, Object(Closure))
#19 C:\\xampp\\htdocs\\projects\\final_project\\v1\\vendor\\laravel\\framework\\src\\Illuminate\\Container\\Container.php(596): Illuminate\\Container\\BoundMethod::call(Object(Illuminate\\Foundation\\Application), Array, Array, NULL)
#20 C:\\xampp\\htdocs\\projects\\final_project\\v1\\vendor\\laravel\\framework\\src\\Illuminate\\Foundation\\Support\\Providers\\RouteServiceProvider.php(87): Illuminate\\Container\\Container->call(Array)
#21 C:\\xampp\\htdocs\\projects\\final_project\\v1\\vendor\\laravel\\framework\\src\\Illuminate\\Foundation\\Support\\Providers\\RouteServiceProvider.php(36): Illuminate\\Foundation\\Support\\Providers\\RouteServiceProvider->loadRoutes()
#22 C:\\xampp\\htdocs\\projects\\final_project\\v1\\app\\Providers\\RouteServiceProvider.php(37): Illuminate\\Foundation\\Support\\Providers\\RouteServiceProvider->boot()
#23 C:\\xampp\\htdocs\\projects\\final_project\\v1\\vendor\\laravel\\framework\\src\\Illuminate\\Container\\BoundMethod.php(36): App\\Providers\\RouteServiceProvider->boot()
#24 C:\\xampp\\htdocs\\projects\\final_project\\v1\\vendor\\laravel\\framework\\src\\Illuminate\\Container\\Util.php(37): Illuminate\\Container\\BoundMethod::Illuminate\\Container\\{closure}()
#25 C:\\xampp\\htdocs\\projects\\final_project\\v1\\vendor\\laravel\\framework\\src\\Illuminate\\Container\\BoundMethod.php(93): Illuminate\\Container\\Util::unwrapIfClosure(Object(Closure))
#26 C:\\xampp\\htdocs\\projects\\final_project\\v1\\vendor\\laravel\\framework\\src\\Illuminate\\Container\\BoundMethod.php(37): Illuminate\\Container\\BoundMethod::callBoundMethod(Object(Illuminate\\Foundation\\Application), Array, Object(Closure))
#27 C:\\xampp\\htdocs\\projects\\final_project\\v1\\vendor\\laravel\\framework\\src\\Illuminate\\Container\\Container.php(596): Illuminate\\Container\\BoundMethod::call(Object(Illuminate\\Foundation\\Application), Array, Array, NULL)
#28 C:\\xampp\\htdocs\\projects\\final_project\\v1\\vendor\\laravel\\framework\\src\\Illuminate\\Foundation\\Application.php(867): Illuminate\\Container\\Container->call(Array)
#29 C:\\xampp\\htdocs\\projects\\final_project\\v1\\vendor\\laravel\\framework\\src\\Illuminate\\Foundation\\Application.php(850): Illuminate\\Foundation\\Application->bootProvider(Object(App\\Providers\\RouteServiceProvider))
#30 [internal function]: Illuminate\\Foundation\\Application->Illuminate\\Foundation\\{closure}(Object(App\\Providers\\RouteServiceProvider), 37)
#31 C:\\xampp\\htdocs\\projects\\final_project\\v1\\vendor\\laravel\\framework\\src\\Illuminate\\Foundation\\Application.php(851): array_walk(Array, Object(Closure))
#32 C:\\xampp\\htdocs\\projects\\final_project\\v1\\vendor\\laravel\\framework\\src\\Illuminate\\Foundation\\Bootstrap\\BootProviders.php(17): Illuminate\\Foundation\\Application->boot()
#33 C:\\xampp\\htdocs\\projects\\final_project\\v1\\vendor\\laravel\\framework\\src\\Illuminate\\Foundation\\Application.php(230): Illuminate\\Foundation\\Bootstrap\\BootProviders->bootstrap(Object(Illuminate\\Foundation\\Application))
#34 C:\\xampp\\htdocs\\projects\\final_project\\v1\\vendor\\laravel\\framework\\src\\Illuminate\\Foundation\\Console\\Kernel.php(310): Illuminate\\Foundation\\Application->bootstrapWith(Array)
#35 C:\\xampp\\htdocs\\projects\\final_project\\v1\\vendor\\laravel\\framework\\src\\Illuminate\\Foundation\\Console\\Kernel.php(127): Illuminate\\Foundation\\Console\\Kernel->bootstrap()
#36 Command line code(1): Illuminate\\Foundation\\Console\\Kernel->handle(Object(Symfony\\Component\\Console\\Input\\ArgvInput), Object(Symfony\\Component\\Console\\Output\\ConsoleOutput))
#37 {main}
"} 
